{"C:\\xampp\\htdocs\\reacttest\\res_api_node_ts_server\\src\\router.ts": {"path":"C:\\xampp\\htdocs\\reacttest\\res_api_node_ts_server\\src\\router.ts","statementMap":{"0":{"start":{"line":1,"column":0},"end":{"line":1,"column":33}},"1":{"start":{"line":2,"column":0},"end":{"line":2,"column":45}},"2":{"start":{"line":3,"column":0},"end":{"line":3,"column":null}},"3":{"start":{"line":10,"column":0},"end":{"line":10,"column":null}},"4":{"start":{"line":15,"column":15},"end":{"line":15,"column":23}},"5":{"start":{"line":17,"column":0},"end":{"line":17,"column":25}},"6":{"start":{"line":20,"column":0},"end":{"line":20,"column":39}},"7":{"start":{"line":21,"column":0},"end":{"line":21,"column":80}},"8":{"start":{"line":22,"column":0},"end":{"line":22,"column":72}},"9":{"start":{"line":23,"column":0},"end":{"line":23,"column":72}},"10":{"start":{"line":24,"column":0},"end":{"line":28,"column":2}},"11":{"start":{"line":30,"column":0},"end":{"line":30,"column":22}}},"fnMap":{},"branchMap":{},"s":{"0":2,"1":2,"2":2,"3":2,"4":2,"5":2,"6":2,"7":2,"8":2,"9":2,"10":2,"11":2},"f":{},"b":{}}
,"C:\\xampp\\htdocs\\reacttest\\res_api_node_ts_server\\src\\server.ts": {"path":"C:\\xampp\\htdocs\\reacttest\\res_api_node_ts_server\\src\\server.ts","statementMap":{"0":{"start":{"line":8,"column":0},"end":{"line":8,"column":7}},"1":{"start":{"line":1,"column":0},"end":{"line":1,"column":30}},"2":{"start":{"line":2,"column":0},"end":{"line":2,"column":30}},"3":{"start":{"line":3,"column":0},"end":{"line":3,"column":29}},"4":{"start":{"line":4,"column":0},"end":{"line":4,"column":28}},"5":{"start":{"line":9,"column":4},"end":{"line":15,"column":5}},"6":{"start":{"line":10,"column":8},"end":{"line":10,"column":32}},"7":{"start":{"line":11,"column":8},"end":{"line":11,"column":18}},"8":{"start":{"line":13,"column":8},"end":{"line":13,"column":27}},"9":{"start":{"line":14,"column":8},"end":{"line":14,"column":83}},"10":{"start":{"line":17,"column":0},"end":{"line":17,"column":12}},"11":{"start":{"line":19,"column":15},"end":{"line":19,"column":24}},"12":{"start":{"line":21,"column":0},"end":{"line":21,"column":27}},"13":{"start":{"line":22,"column":0},"end":{"line":22,"column":27}},"14":{"start":{"line":24,"column":0},"end":{"line":24,"column":22}}},"fnMap":{"0":{"name":"connectDB","decl":{"start":{"line":8,"column":22},"end":{"line":8,"column":31}},"loc":{"start":{"line":8,"column":31},"end":{"line":16,"column":1}}}},"branchMap":{},"s":{"0":2,"1":2,"2":2,"3":2,"4":2,"5":3,"6":3,"7":2,"8":1,"9":1,"10":2,"11":2,"12":2,"13":2,"14":2},"f":{"0":3},"b":{}}
,"C:\\xampp\\htdocs\\reacttest\\res_api_node_ts_server\\src\\Controllers\\home.ts": {"path":"C:\\xampp\\htdocs\\reacttest\\res_api_node_ts_server\\src\\Controllers\\home.ts","statementMap":{"0":{"start":{"line":1,"column":23},"end":{"line":3,"column":1}},"1":{"start":{"line":2,"column":2},"end":{"line":2,"column":62}},"2":{"start":{"line":1,"column":13},"end":{"line":1,"column":23}}},"fnMap":{"0":{"name":"(anonymous_0)","decl":{"start":{"line":1,"column":23},"end":{"line":1,"column":24}},"loc":{"start":{"line":1,"column":36},"end":{"line":3,"column":1}}}},"branchMap":{},"s":{"0":2,"1":1,"2":2},"f":{"0":1},"b":{}}
,"C:\\xampp\\htdocs\\reacttest\\res_api_node_ts_server\\src\\Controllers\\products.ts": {"path":"C:\\xampp\\htdocs\\reacttest\\res_api_node_ts_server\\src\\Controllers\\products.ts","statementMap":{"0":{"start":{"line":3,"column":0},"end":{"line":3,"column":48}},"1":{"start":{"line":5,"column":20},"end":{"line":20,"column":1}},"2":{"start":{"line":6,"column":2},"end":{"line":19,"column":3}},"3":{"start":{"line":7,"column":21},"end":{"line":10,"column":6}},"4":{"start":{"line":11,"column":21},"end":{"line":15,"column":6}},"5":{"start":{"line":16,"column":4},"end":{"line":16,"column":23}},"6":{"start":{"line":18,"column":4},"end":{"line":18,"column":76}},"7":{"start":{"line":85,"column":2},"end":{"line":85,"column":13}},"8":{"start":{"line":21,"column":24},"end":{"line":36,"column":1}},"9":{"start":{"line":22,"column":2},"end":{"line":35,"column":3}},"10":{"start":{"line":23,"column":19},"end":{"line":23,"column":29}},"11":{"start":{"line":24,"column":20},"end":{"line":24,"column":46}},"12":{"start":{"line":25,"column":4},"end":{"line":27,"column":5}},"13":{"start":{"line":26,"column":6},"end":{"line":26,"column":73}},"14":{"start":{"line":28,"column":21},"end":{"line":31,"column":6}},"15":{"start":{"line":32,"column":4},"end":{"line":32,"column":23}},"16":{"start":{"line":34,"column":4},"end":{"line":34,"column":76}},"17":{"start":{"line":86,"column":2},"end":{"line":86,"column":17}},"18":{"start":{"line":37,"column":21},"end":{"line":48,"column":1}},"19":{"start":{"line":38,"column":2},"end":{"line":47,"column":3}},"20":{"start":{"line":39,"column":20},"end":{"line":39,"column":50}},"21":{"start":{"line":40,"column":21},"end":{"line":43,"column":6}},"22":{"start":{"line":44,"column":4},"end":{"line":44,"column":35}},"23":{"start":{"line":46,"column":4},"end":{"line":46,"column":76}},"24":{"start":{"line":87,"column":2},"end":{"line":87,"column":14}},"25":{"start":{"line":49,"column":20},"end":{"line":65,"column":1}},"26":{"start":{"line":50,"column":2},"end":{"line":64,"column":3}},"27":{"start":{"line":51,"column":19},"end":{"line":51,"column":29}},"28":{"start":{"line":52,"column":20},"end":{"line":52,"column":46}},"29":{"start":{"line":53,"column":4},"end":{"line":55,"column":5}},"30":{"start":{"line":54,"column":6},"end":{"line":54,"column":73}},"31":{"start":{"line":56,"column":4},"end":{"line":56,"column":35}},"32":{"start":{"line":57,"column":21},"end":{"line":60,"column":6}},"33":{"start":{"line":61,"column":4},"end":{"line":61,"column":23}},"34":{"start":{"line":63,"column":4},"end":{"line":63,"column":76}},"35":{"start":{"line":88,"column":2},"end":{"line":88,"column":13}},"36":{"start":{"line":66,"column":23},"end":{"line":82,"column":1}},"37":{"start":{"line":67,"column":2},"end":{"line":81,"column":3}},"38":{"start":{"line":68,"column":19},"end":{"line":68,"column":29}},"39":{"start":{"line":69,"column":20},"end":{"line":69,"column":46}},"40":{"start":{"line":70,"column":4},"end":{"line":72,"column":5}},"41":{"start":{"line":71,"column":6},"end":{"line":71,"column":73}},"42":{"start":{"line":73,"column":4},"end":{"line":73,"column":28}},"43":{"start":{"line":74,"column":21},"end":{"line":77,"column":6}},"44":{"start":{"line":78,"column":4},"end":{"line":78,"column":23}},"45":{"start":{"line":80,"column":4},"end":{"line":80,"column":76}},"46":{"start":{"line":89,"column":2},"end":{"line":89,"column":16}}},"fnMap":{"0":{"name":"(anonymous_1)","decl":{"start":{"line":5,"column":20},"end":{"line":5,"column":25}},"loc":{"start":{"line":5,"column":58},"end":{"line":20,"column":1}}},"1":{"name":"(anonymous_2)","decl":{"start":{"line":21,"column":24},"end":{"line":21,"column":29}},"loc":{"start":{"line":21,"column":62},"end":{"line":36,"column":1}}},"2":{"name":"(anonymous_3)","decl":{"start":{"line":37,"column":21},"end":{"line":37,"column":26}},"loc":{"start":{"line":37,"column":59},"end":{"line":48,"column":1}}},"3":{"name":"(anonymous_4)","decl":{"start":{"line":49,"column":20},"end":{"line":49,"column":25}},"loc":{"start":{"line":49,"column":58},"end":{"line":65,"column":1}}},"4":{"name":"(anonymous_5)","decl":{"start":{"line":66,"column":23},"end":{"line":66,"column":28}},"loc":{"start":{"line":66,"column":61},"end":{"line":82,"column":1}}}},"branchMap":{"0":{"loc":{"start":{"line":25,"column":4},"end":{"line":27,"column":5}},"type":"if","locations":[{"start":{"line":25,"column":4},"end":{"line":27,"column":5}}]},"1":{"loc":{"start":{"line":53,"column":4},"end":{"line":55,"column":5}},"type":"if","locations":[{"start":{"line":53,"column":4},"end":{"line":55,"column":5}}]},"2":{"loc":{"start":{"line":70,"column":4},"end":{"line":72,"column":5}},"type":"if","locations":[{"start":{"line":70,"column":4},"end":{"line":72,"column":5}}]}},"s":{"0":2,"1":2,"2":1,"3":1,"4":1,"5":1,"6":0,"7":2,"8":2,"9":3,"10":3,"11":3,"12":3,"13":1,"14":2,"15":2,"16":0,"17":2,"18":2,"19":1,"20":1,"21":1,"22":1,"23":0,"24":2,"25":2,"26":1,"27":1,"28":1,"29":1,"30":0,"31":1,"32":1,"33":1,"34":0,"35":2,"36":2,"37":2,"38":2,"39":2,"40":2,"41":1,"42":1,"43":1,"44":1,"45":0,"46":2},"f":{"0":1,"1":3,"2":1,"3":1,"4":2},"b":{"0":[1],"1":[0],"2":[1]}}
,"C:\\xampp\\htdocs\\reacttest\\res_api_node_ts_server\\src\\config\\db.ts": {"path":"C:\\xampp\\htdocs\\reacttest\\res_api_node_ts_server\\src\\config\\db.ts","statementMap":{"0":{"start":{"line":1,"column":0},"end":{"line":1,"column":49}},"1":{"start":{"line":2,"column":0},"end":{"line":2,"column":28}},"2":{"start":{"line":3,"column":0},"end":{"line":3,"column":16}},"3":{"start":{"line":4,"column":11},"end":{"line":14,"column":2}},"4":{"start":{"line":16,"column":0},"end":{"line":16,"column":18}}},"fnMap":{},"branchMap":{},"s":{"0":2,"1":2,"2":2,"3":2,"4":2},"f":{},"b":{}}
,"C:\\xampp\\htdocs\\reacttest\\res_api_node_ts_server\\src\\middleware\\index.ts": {"path":"C:\\xampp\\htdocs\\reacttest\\res_api_node_ts_server\\src\\middleware\\index.ts","statementMap":{"0":{"start":{"line":3,"column":23},"end":{"line":39,"column":1}},"1":{"start":{"line":15,"column":2},"end":{"line":37,"column":3}},"2":{"start":{"line":17,"column":6},"end":{"line":17,"column":77}},"3":{"start":{"line":19,"column":4},"end":{"line":21,"column":5}},"4":{"start":{"line":20,"column":6},"end":{"line":20,"column":79}},"5":{"start":{"line":22,"column":4},"end":{"line":26,"column":5}},"6":{"start":{"line":23,"column":6},"end":{"line":25,"column":63}},"7":{"start":{"line":27,"column":4},"end":{"line":31,"column":5}},"8":{"start":{"line":28,"column":6},"end":{"line":30,"column":79}},"9":{"start":{"line":32,"column":4},"end":{"line":36,"column":5}},"10":{"start":{"line":33,"column":6},"end":{"line":35,"column":65}},"11":{"start":{"line":38,"column":2},"end":{"line":38,"column":9}},"12":{"start":{"line":41,"column":48},"end":{"line":52,"column":1}},"13":{"start":{"line":46,"column":2},"end":{"line":51,"column":4}},"14":{"start":{"line":41,"column":13},"end":{"line":41,"column":48}},"15":{"start":{"line":54,"column":45},"end":{"line":68,"column":1}},"16":{"start":{"line":59,"column":2},"end":{"line":67,"column":4}},"17":{"start":{"line":54,"column":13},"end":{"line":54,"column":45}},"18":{"start":{"line":70,"column":44},"end":{"line":85,"column":1}},"19":{"start":{"line":75,"column":2},"end":{"line":84,"column":4}},"20":{"start":{"line":70,"column":13},"end":{"line":70,"column":44}}},"fnMap":{"0":{"name":"(anonymous_0)","decl":{"start":{"line":3,"column":23},"end":{"line":3,"column":null}},"loc":{"start":{"line":14,"column":4},"end":{"line":39,"column":1}}},"1":{"name":"(anonymous_1)","decl":{"start":{"line":41,"column":48},"end":{"line":41,"column":null}},"loc":{"start":{"line":45,"column":4},"end":{"line":52,"column":1}}},"2":{"name":"(anonymous_2)","decl":{"start":{"line":54,"column":45},"end":{"line":54,"column":null}},"loc":{"start":{"line":58,"column":4},"end":{"line":68,"column":1}}},"3":{"name":"(anonymous_3)","decl":{"start":{"line":70,"column":44},"end":{"line":70,"column":null}},"loc":{"start":{"line":74,"column":4},"end":{"line":85,"column":1}}}},"branchMap":{"0":{"loc":{"start":{"line":17,"column":6},"end":{"line":17,"column":77}},"type":"cond-expr","locations":[{"start":{"line":17,"column":32},"end":{"line":17,"column":54}},{"start":{"line":17,"column":57},"end":{"line":17,"column":77}}]},"1":{"loc":{"start":{"line":19,"column":4},"end":{"line":21,"column":5}},"type":"if","locations":[{"start":{"line":19,"column":4},"end":{"line":21,"column":5}}]},"2":{"loc":{"start":{"line":22,"column":4},"end":{"line":26,"column":5}},"type":"if","locations":[{"start":{"line":22,"column":4},"end":{"line":26,"column":5}}]},"3":{"loc":{"start":{"line":22,"column":8},"end":{"line":22,"column":38}},"type":"binary-expr","locations":[{"start":{"line":22,"column":8},"end":{"line":22,"column":22}},{"start":{"line":22,"column":26},"end":{"line":22,"column":38}}]},"4":{"loc":{"start":{"line":27,"column":4},"end":{"line":31,"column":5}},"type":"if","locations":[{"start":{"line":27,"column":4},"end":{"line":31,"column":5}}]},"5":{"loc":{"start":{"line":27,"column":8},"end":{"line":27,"column":71}},"type":"binary-expr","locations":[{"start":{"line":27,"column":8},"end":{"line":27,"column":36}},{"start":{"line":27,"column":40},"end":{"line":27,"column":71}}]},"6":{"loc":{"start":{"line":32,"column":4},"end":{"line":36,"column":5}},"type":"if","locations":[{"start":{"line":32,"column":4},"end":{"line":36,"column":5}}]},"7":{"loc":{"start":{"line":32,"column":8},"end":{"line":32,"column":53}},"type":"binary-expr","locations":[{"start":{"line":32,"column":8},"end":{"line":32,"column":23}},{"start":{"line":32,"column":27},"end":{"line":32,"column":53}}]}},"s":{"0":2,"1":9,"2":14,"3":14,"4":0,"5":14,"6":0,"7":14,"8":2,"9":12,"10":0,"11":7,"12":2,"13":5,"14":2,"15":2,"16":2,"17":2,"18":2,"19":2,"20":2},"f":{"0":9,"1":5,"2":2,"3":2},"b":{"0":[5,9],"1":[0],"2":[0],"3":[14,9],"4":[2],"5":[14,4],"6":[0],"7":[12,1]}}
,"C:\\xampp\\htdocs\\reacttest\\res_api_node_ts_server\\src\\models\\Productos.model.ts": {"path":"C:\\xampp\\htdocs\\reacttest\\res_api_node_ts_server\\src\\models\\Productos.model.ts","statementMap":{"0":{"start":{"line":1,"column":0},"end":{"line":1,"column":70}},"1":{"start":{"line":6,"column":0},"end":{"line":27,"column":null}},"2":{"start":{"line":12,"column":10},"end":{"line":12,"column":null}},"3":{"start":{"line":19,"column":10},"end":{"line":19,"column":null}},"4":{"start":{"line":26,"column":10},"end":{"line":26,"column":null}},"5":{"start":{"line":6,"column":6},"end":{"line":27,"column":null}},"6":{"start":{"line":28,"column":0},"end":{"line":28,"column":23}}},"fnMap":{},"branchMap":{},"s":{"0":3,"1":3,"2":3,"3":3,"4":3,"5":3,"6":3},"f":{},"b":{}}
}
