TN:
SF:src\router.ts
FNF:0
FNH:0
DA:1,2
DA:2,2
DA:3,2
DA:10,2
DA:15,2
DA:17,2
DA:20,2
DA:21,2
DA:22,2
DA:23,2
DA:24,2
DA:30,2
LF:12
LH:12
BRF:0
BRH:0
end_of_record
TN:
SF:src\server.ts
FN:8,connectDB
FNF:1
FNH:1
FNDA:3,connectDB
DA:1,2
DA:2,2
DA:3,2
DA:4,2
DA:8,2
DA:9,3
DA:10,3
DA:11,2
DA:13,1
DA:14,1
DA:17,2
DA:19,2
DA:21,2
DA:22,2
DA:24,2
LF:15
LH:15
BRF:0
BRH:0
end_of_record
TN:
SF:src\Controllers\home.ts
FN:1,(anonymous_0)
FNF:1
FNH:1
FNDA:1,(anonymous_0)
DA:1,2
DA:2,1
LF:2
LH:2
BRF:0
BRH:0
end_of_record
TN:
SF:src\Controllers\products.ts
FN:5,(anonymous_1)
FN:21,(anonymous_2)
FN:37,(anonymous_3)
FN:49,(anonymous_4)
FN:66,(anonymous_5)
FNF:5
FNH:5
FNDA:1,(anonymous_1)
FNDA:3,(anonymous_2)
FNDA:1,(anonymous_3)
FNDA:1,(anonymous_4)
FNDA:2,(anonymous_5)
DA:3,2
DA:5,2
DA:6,1
DA:7,1
DA:11,1
DA:16,1
DA:18,0
DA:21,2
DA:22,3
DA:23,3
DA:24,3
DA:25,3
DA:26,1
DA:28,2
DA:32,2
DA:34,0
DA:37,2
DA:38,1
DA:39,1
DA:40,1
DA:44,1
DA:46,0
DA:49,2
DA:50,1
DA:51,1
DA:52,1
DA:53,1
DA:54,0
DA:56,1
DA:57,1
DA:61,1
DA:63,0
DA:66,2
DA:67,2
DA:68,2
DA:69,2
DA:70,2
DA:71,1
DA:73,1
DA:74,1
DA:78,1
DA:80,0
DA:85,2
DA:86,2
DA:87,2
DA:88,2
DA:89,2
LF:47
LH:41
BRDA:25,0,0,1
BRDA:53,1,0,0
BRDA:70,2,0,1
BRF:3
BRH:2
end_of_record
TN:
SF:src\config\db.ts
FNF:0
FNH:0
DA:1,2
DA:2,2
DA:3,2
DA:4,2
DA:16,2
LF:5
LH:5
BRF:0
BRH:0
end_of_record
TN:
SF:src\middleware\index.ts
FN:3,(anonymous_0)
FN:41,(anonymous_1)
FN:54,(anonymous_2)
FN:70,(anonymous_3)
FNF:4
FNH:4
FNDA:9,(anonymous_0)
FNDA:5,(anonymous_1)
FNDA:2,(anonymous_2)
FNDA:2,(anonymous_3)
DA:3,2
DA:15,9
DA:17,14
DA:19,14
DA:20,0
DA:22,14
DA:23,0
DA:27,14
DA:28,2
DA:32,12
DA:33,0
DA:38,7
DA:41,2
DA:46,5
DA:54,2
DA:59,2
DA:70,2
DA:75,2
LF:18
LH:15
BRDA:17,0,0,5
BRDA:17,0,1,9
BRDA:19,1,0,0
BRDA:22,2,0,0
BRDA:22,3,0,14
BRDA:22,3,1,9
BRDA:27,4,0,2
BRDA:27,5,0,14
BRDA:27,5,1,4
BRDA:32,6,0,0
BRDA:32,7,0,12
BRDA:32,7,1,1
BRF:12
BRH:9
end_of_record
TN:
SF:src\models\Productos.model.ts
FNF:0
FNH:0
DA:1,3
DA:6,3
DA:12,3
DA:19,3
DA:26,3
DA:28,3
LF:6
LH:6
BRF:0
BRH:0
end_of_record
